This is pdfTeX, Version 3.141592653-2.6-1.40.22 (TeX Live 2022/dev/Debian) (preloaded format=pdflatex 2024.3.15)  1 JUN 2024 09:45
entering extended mode
 restricted \write18 enabled.
 %&-line parsing enabled.
**book.tex
(./book.tex
LaTeX2e <2021-11-15> patch level 1
L3 programming layer <2022-01-21>
(/usr/share/texlive/texmf-dist/tex/latex/base/report.cls
Document Class: report 2021/10/04 v1.4n Standard LaTeX document class
(/usr/share/texlive/texmf-dist/tex/latex/base/size11.clo
File: size11.clo 2021/10/04 v1.4n Standard LaTeX file (size option)
)
\c@part=\count185
\c@chapter=\count186
\c@section=\count187
\c@subsection=\count188
\c@subsubsection=\count189
\c@paragraph=\count190
\c@subparagraph=\count191
\c@figure=\count192
\c@table=\count193
\abovecaptionskip=\skip47
\belowcaptionskip=\skip48
\bibindent=\dimen138
)
(/usr/share/texlive/texmf-dist/tex/latex/base/inputenc.sty
Package: inputenc 2021/02/14 v1.3d Input encoding file
\inpenc@prehook=\toks16
\inpenc@posthook=\toks17
)
(/usr/share/texlive/texmf-dist/tex/latex/graphics/graphicx.sty
Package: graphicx 2021/09/16 v1.2d Enhanced LaTeX Graphics (DPC,SPQR)

(/usr/share/texlive/texmf-dist/tex/latex/graphics/keyval.sty
Package: keyval 2014/10/28 v1.15 key=value parser (DPC)
\KV@toks@=\toks18
)
(/usr/share/texlive/texmf-dist/tex/latex/graphics/graphics.sty
Package: graphics 2021/03/04 v1.4d Standard LaTeX Graphics (DPC,SPQR)

(/usr/share/texlive/texmf-dist/tex/latex/graphics/trig.sty
Package: trig 2021/08/11 v1.11 sin cos tan (DPC)
)
(/usr/share/texlive/texmf-dist/tex/latex/graphics-cfg/graphics.cfg
File: graphics.cfg 2016/06/04 v1.11 sample graphics configuration
)
Package graphics Info: Driver file: pdftex.def on input line 107.

(/usr/share/texlive/texmf-dist/tex/latex/graphics-def/pdftex.def
File: pdftex.def 2020/10/05 v1.2a Graphics/color driver for pdftex
))
\Gin@req@height=\dimen139
\Gin@req@width=\dimen140
)
(/usr/share/texlive/texmf-dist/tex/latex/geometry/geometry.sty
Package: geometry 2020/01/02 v5.9 Page Geometry

(/usr/share/texlive/texmf-dist/tex/generic/iftex/ifvtex.sty
Package: ifvtex 2019/10/25 v1.7 ifvtex legacy package. Use iftex instead.

(/usr/share/texlive/texmf-dist/tex/generic/iftex/iftex.sty
Package: iftex 2020/03/06 v1.0d TeX engine tests
))
\Gm@cnth=\count194
\Gm@cntv=\count195
\c@Gm@tempcnt=\count196
\Gm@bindingoffset=\dimen141
\Gm@wd@mp=\dimen142
\Gm@odd@mp=\dimen143
\Gm@even@mp=\dimen144
\Gm@layoutwidth=\dimen145
\Gm@layoutheight=\dimen146
\Gm@layouthoffset=\dimen147
\Gm@layoutvoffset=\dimen148
\Gm@dimlist=\toks19
)
(/usr/share/texlive/texmf-dist/tex/latex/jknapltx/mathrsfs.sty
Package: mathrsfs 1996/01/01 Math RSFS package v1.0 (jk)
\symrsfs=\mathgroup4
)
(/usr/share/texlive/texmf-dist/tex/latex/amsmath/amsmath.sty
Package: amsmath 2021/10/15 v2.17l AMS math features
\@mathmargin=\skip49

For additional information on amsmath, use the `?' option.
(/usr/share/texlive/texmf-dist/tex/latex/amsmath/amstext.sty
Package: amstext 2021/08/26 v2.01 AMS text

(/usr/share/texlive/texmf-dist/tex/latex/amsmath/amsgen.sty
File: amsgen.sty 1999/11/30 v2.0 generic functions
\@emptytoks=\toks20
\ex@=\dimen149
))
(/usr/share/texlive/texmf-dist/tex/latex/amsmath/amsbsy.sty
Package: amsbsy 1999/11/29 v1.2d Bold Symbols
\pmbraise@=\dimen150
)
(/usr/share/texlive/texmf-dist/tex/latex/amsmath/amsopn.sty
Package: amsopn 2021/08/26 v2.02 operator names
)
\inf@bad=\count197
LaTeX Info: Redefining \frac on input line 234.
\uproot@=\count198
\leftroot@=\count199
LaTeX Info: Redefining \overline on input line 399.
\classnum@=\count266
\DOTSCASE@=\count267
LaTeX Info: Redefining \ldots on input line 496.
LaTeX Info: Redefining \dots on input line 499.
LaTeX Info: Redefining \cdots on input line 620.
\Mathstrutbox@=\box50
\strutbox@=\box51
\big@size=\dimen151
LaTeX Font Info:    Redeclaring font encoding OML on input line 743.
LaTeX Font Info:    Redeclaring font encoding OMS on input line 744.
\macc@depth=\count268
\c@MaxMatrixCols=\count269
\dotsspace@=\muskip16
\c@parentequation=\count270
\dspbrk@lvl=\count271
\tag@help=\toks21
\row@=\count272
\column@=\count273
\maxfields@=\count274
\andhelp@=\toks22
\eqnshift@=\dimen152
\alignsep@=\dimen153
\tagshift@=\dimen154
\tagwidth@=\dimen155
\totwidth@=\dimen156
\lineht@=\dimen157
\@envbody=\toks23
\multlinegap=\skip50
\multlinetaggap=\skip51
\mathdisplay@stack=\toks24
LaTeX Info: Redefining \[ on input line 2938.
LaTeX Info: Redefining \] on input line 2939.
)
(/usr/share/texlive/texmf-dist/tex/latex/amscls/amsthm.sty
Package: amsthm 2020/05/29 v2.20.6
\thm@style=\toks25
\thm@bodyfont=\toks26
\thm@headfont=\toks27
\thm@notefont=\toks28
\thm@headpunct=\toks29
\thm@preskip=\skip52
\thm@postskip=\skip53
\thm@headsep=\skip54
\dth@everypar=\toks30
)
(/usr/share/texlive/texmf-dist/tex/latex/amsfonts/amssymb.sty
Package: amssymb 2013/01/14 v3.01 AMS font symbols

(/usr/share/texlive/texmf-dist/tex/latex/amsfonts/amsfonts.sty
Package: amsfonts 2013/01/14 v3.01 Basic AMSFonts support
\symAMSa=\mathgroup5
\symAMSb=\mathgroup6
LaTeX Font Info:    Redeclaring math symbol \hbar on input line 98.
LaTeX Font Info:    Overwriting math alphabet `\mathfrak' in version `bold'
(Font)                  U/euf/m/n --> U/euf/b/n on input line 106.
))
(/usr/share/texlive/texmf-dist/tex/latex/esvect/esvect.sty
Package: esvect 
\symesvector=\mathgroup7
)
(/usr/share/texlive/texmf-dist/tex/latex/stmaryrd/stmaryrd.sty
Package: stmaryrd 1994/03/03 St Mary's Road symbol package
\symstmry=\mathgroup8
LaTeX Font Info:    Overwriting symbol font `stmry' in version `bold'
(Font)                  U/stmry/m/n --> U/stmry/b/n on input line 89.
)
(/usr/share/texlive/texmf-dist/tex/latex/bbold/bbold.sty
Package: bbold 1994/04/06 Bbold symbol package
LaTeX Font Info:    Redeclaring math alphabet \mathbb on input line 42.
)
(/usr/share/texlive/texmf-dist/tex/latex/caption/subcaption.sty
Package: subcaption 2020/10/07 v1.3j Sub-captions (AR)

(/usr/share/texlive/texmf-dist/tex/latex/caption/caption.sty
Package: caption 2020/10/26 v3.5g Customizing captions (AR)

(/usr/share/texlive/texmf-dist/tex/latex/caption/caption3.sty
Package: caption3 2020/10/21 v2.2e caption3 kernel (AR)
\captionmargin=\dimen158
\captionmargin@=\dimen159
\captionwidth=\dimen160
\caption@tempdima=\dimen161
\caption@indent=\dimen162
\caption@parindent=\dimen163
\caption@hangindent=\dimen164
Package caption Info: Standard document class detected.
)
\c@caption@flags=\count275
\c@continuedfloat=\count276
)
\c@subfigure=\count277
\c@subtable=\count278
)
(/usr/share/texlive/texmf-dist/tex/latex/graphics/lscape.sty
Package: lscape 2020/05/28 v3.02 Landscape Pages (DPC)
)
(/usr/share/texlive/texmf-dist/tex/latex/parskip/parskip.sty
Package: parskip 2021-03-14 v2.0h non-zero parskip adjustments

(/usr/share/texlive/texmf-dist/tex/latex/kvoptions/kvoptions.sty
Package: kvoptions 2020-10-07 v3.14 Key value format for package options (HO)

(/usr/share/texlive/texmf-dist/tex/generic/ltxcmds/ltxcmds.sty
Package: ltxcmds 2020-05-10 v1.25 LaTeX kernel commands for general use (HO)
)
(/usr/share/texlive/texmf-dist/tex/generic/kvsetkeys/kvsetkeys.sty
Package: kvsetkeys 2019/12/15 v1.18 Key value parser (HO)
))
(/usr/share/texlive/texmf-dist/tex/latex/etoolbox/etoolbox.sty
Package: etoolbox 2020/10/05 v2.5k e-TeX tools for LaTeX (JAW)
\etb@tempcnta=\count279
))
(/usr/share/texlive/texmf-dist/tex/latex/hyperref/hyperref.sty
Package: hyperref 2021-06-07 v7.00m Hypertext links for LaTeX

(/usr/share/texlive/texmf-dist/tex/generic/pdftexcmds/pdftexcmds.sty
Package: pdftexcmds 2020-06-27 v0.33 Utility functions of pdfTeX for LuaTeX (HO
)

(/usr/share/texlive/texmf-dist/tex/generic/infwarerr/infwarerr.sty
Package: infwarerr 2019/12/03 v1.5 Providing info/warning/error messages (HO)
)
Package pdftexcmds Info: \pdf@primitive is available.
Package pdftexcmds Info: \pdf@ifprimitive is available.
Package pdftexcmds Info: \pdfdraftmode found.
)
(/usr/share/texlive/texmf-dist/tex/generic/kvdefinekeys/kvdefinekeys.sty
Package: kvdefinekeys 2019-12-19 v1.6 Define keys (HO)
)
(/usr/share/texlive/texmf-dist/tex/generic/pdfescape/pdfescape.sty
Package: pdfescape 2019/12/09 v1.15 Implements pdfTeX's escape features (HO)
)
(/usr/share/texlive/texmf-dist/tex/latex/hycolor/hycolor.sty
Package: hycolor 2020-01-27 v1.10 Color options for hyperref/bookmark (HO)
)
(/usr/share/texlive/texmf-dist/tex/latex/letltxmacro/letltxmacro.sty
Package: letltxmacro 2019/12/03 v1.6 Let assignment for LaTeX macros (HO)
)
(/usr/share/texlive/texmf-dist/tex/latex/auxhook/auxhook.sty
Package: auxhook 2019-12-17 v1.6 Hooks for auxiliary files (HO)
)
\@linkdim=\dimen165
\Hy@linkcounter=\count280
\Hy@pagecounter=\count281

(/usr/share/texlive/texmf-dist/tex/latex/hyperref/pd1enc.def
File: pd1enc.def 2021-06-07 v7.00m Hyperref: PDFDocEncoding definition (HO)
Now handling font encoding PD1 ...
... no UTF-8 mapping file for font encoding PD1
)
(/usr/share/texlive/texmf-dist/tex/latex/hyperref/hyperref-langpatches.def
File: hyperref-langpatches.def 2021-06-07 v7.00m Hyperref: patches for babel la
nguages
)
(/usr/share/texlive/texmf-dist/tex/generic/intcalc/intcalc.sty
Package: intcalc 2019/12/15 v1.3 Expandable calculations with integers (HO)
)
(/usr/share/texlive/texmf-dist/tex/generic/etexcmds/etexcmds.sty
Package: etexcmds 2019/12/15 v1.7 Avoid name clashes with e-TeX commands (HO)
)
\Hy@SavedSpaceFactor=\count282

(/usr/share/texlive/texmf-dist/tex/latex/hyperref/puenc.def
File: puenc.def 2021-06-07 v7.00m Hyperref: PDF Unicode definition (HO)
Now handling font encoding PU ...
... no UTF-8 mapping file for font encoding PU
)
Package hyperref Info: Hyper figures OFF on input line 4192.
Package hyperref Info: Link nesting OFF on input line 4197.
Package hyperref Info: Hyper index ON on input line 4200.
Package hyperref Info: Plain pages OFF on input line 4207.
Package hyperref Info: Backreferencing OFF on input line 4212.
Package hyperref Info: Implicit mode ON; LaTeX internals redefined.
Package hyperref Info: Bookmarks ON on input line 4445.
\c@Hy@tempcnt=\count283

(/usr/share/texlive/texmf-dist/tex/latex/url/url.sty
\Urlmuskip=\muskip17
Package: url 2013/09/16  ver 3.4  Verb mode for urls, etc.
)
LaTeX Info: Redefining \url on input line 4804.
\XeTeXLinkMargin=\dimen166

(/usr/share/texlive/texmf-dist/tex/generic/bitset/bitset.sty
Package: bitset 2019/12/09 v1.3 Handle bit-vector datatype (HO)

(/usr/share/texlive/texmf-dist/tex/generic/bigintcalc/bigintcalc.sty
Package: bigintcalc 2019/12/15 v1.5 Expandable calculations on big integers (HO
)
))
\Fld@menulength=\count284
\Field@Width=\dimen167
\Fld@charsize=\dimen168
Package hyperref Info: Hyper figures OFF on input line 6076.
Package hyperref Info: Link nesting OFF on input line 6081.
Package hyperref Info: Hyper index ON on input line 6084.
Package hyperref Info: backreferencing OFF on input line 6091.
Package hyperref Info: Link coloring OFF on input line 6096.
Package hyperref Info: Link coloring with OCG OFF on input line 6101.
Package hyperref Info: PDF/A mode OFF on input line 6106.
LaTeX Info: Redefining \ref on input line 6146.
LaTeX Info: Redefining \pageref on input line 6150.

(/usr/share/texlive/texmf-dist/tex/latex/base/atbegshi-ltx.sty
Package: atbegshi-ltx 2021/01/10 v1.0c Emulation of the original atbegshi
package with kernel methods
)
\Hy@abspage=\count285
\c@Item=\count286
\c@Hfootnote=\count287
)
Package hyperref Info: Driver (autodetected): hpdftex.

(/usr/share/texlive/texmf-dist/tex/latex/hyperref/hpdftex.def
File: hpdftex.def 2021-06-07 v7.00m Hyperref driver for pdfTeX

(/usr/share/texlive/texmf-dist/tex/latex/base/atveryend-ltx.sty
Package: atveryend-ltx 2020/08/19 v1.0a Emulation of the original atveryend pac
kage
with kernel methods
)
\Fld@listcount=\count288
\c@bookmark@seq@number=\count289

(/usr/share/texlive/texmf-dist/tex/latex/rerunfilecheck/rerunfilecheck.sty
Package: rerunfilecheck 2019/12/05 v1.9 Rerun checks for auxiliary files (HO)

(/usr/share/texlive/texmf-dist/tex/generic/uniquecounter/uniquecounter.sty
Package: uniquecounter 2019/12/15 v1.4 Provide unlimited unique counter (HO)
)
Package uniquecounter Info: New unique counter `rerunfilecheck' on input line 2
86.
)
\Hy@SectionHShift=\skip55
)
(/usr/share/texlive/texmf-dist/tex/latex/epigraph/epigraph.sty
Package: epigraph 2020/01/02 v1.5e typesetting epigraphs

(/usr/share/texlive/texmf-dist/tex/latex/nextpage/nextpage.sty
Package: nextpage 2009/09/03 v1.1a additional page commands
)
\beforeepigraphskip=\skip56
\afterepigraphskip=\skip57
\epigraphwidth=\skip58
\epigraphrule=\skip59
)
(/usr/share/texlive/texmf-dist/tex/latex/titling/titling.sty
Package: titling 2009/09/04 v2.1d maketitle typesetting
\thanksmarkwidth=\skip60
\thanksmargin=\skip61
\droptitle=\skip62
)
(/usr/share/texlive/texmf-dist/tex/latex/tools/indentfirst.sty
Package: indentfirst 1995/11/23 v1.03 Indent first paragraph (DPC)
)
(/usr/share/texlive/texmf-dist/tex/latex/was/gensymb.sty
Package: gensymb 2003/07/02 v1.0 (WaS)
)
(/usr/share/texlive/texmf-dist/tex/latex/adjustbox/adjustbox.sty
Package: adjustbox 2020/08/19 v1.3 Adjusting TeX boxes (trim, clip, ...)

(/usr/share/texlive/texmf-dist/tex/latex/xkeyval/xkeyval.sty
Package: xkeyval 2020/11/20 v2.8 package option processing (HA)

(/usr/share/texlive/texmf-dist/tex/generic/xkeyval/xkeyval.tex
(/usr/share/texlive/texmf-dist/tex/generic/xkeyval/xkvutils.tex
\XKV@toks=\toks31
\XKV@tempa@toks=\toks32
)
\XKV@depth=\count290
File: xkeyval.tex 2014/12/03 v2.7a key=value parser (HA)
))
(/usr/share/texlive/texmf-dist/tex/latex/adjustbox/adjcalc.sty
Package: adjcalc 2012/05/16 v1.1 Provides advanced setlength with multiple back
-ends (calc, etex, pgfmath)
)
(/usr/share/texlive/texmf-dist/tex/latex/adjustbox/trimclip.sty
Package: trimclip 2020/08/19 v1.2 Trim and clip general TeX material

(/usr/share/texlive/texmf-dist/tex/latex/collectbox/collectbox.sty
Package: collectbox 2012/05/17 v0.4b Collect macro arguments as boxes
\collectedbox=\box52
)
\tc@llx=\dimen169
\tc@lly=\dimen170
\tc@urx=\dimen171
\tc@ury=\dimen172
Package trimclip Info: Using driver 'tc-pdftex.def'.

(/usr/share/texlive/texmf-dist/tex/latex/adjustbox/tc-pdftex.def
File: tc-pdftex.def 2019/01/04 v2.2 Clipping driver for pdftex
))
\adjbox@Width=\dimen173
\adjbox@Height=\dimen174
\adjbox@Depth=\dimen175
\adjbox@Totalheight=\dimen176
\adjbox@pwidth=\dimen177
\adjbox@pheight=\dimen178
\adjbox@pdepth=\dimen179
\adjbox@ptotalheight=\dimen180

(/usr/share/texlive/texmf-dist/tex/latex/ifoddpage/ifoddpage.sty
Package: ifoddpage 2016/04/23 v1.1 Conditionals for odd/even page detection
\c@checkoddpage=\count291
)
(/usr/share/texlive/texmf-dist/tex/latex/varwidth/varwidth.sty
Package: varwidth 2009/03/30 ver 0.92;  Variable-width minipages
\@vwid@box=\box53
\sift@deathcycles=\count292
\@vwid@loff=\dimen181
\@vwid@roff=\dimen182
))
(/usr/share/texlive/texmf-dist/tex/latex/mathtools/mathtools.sty
Package: mathtools 2021/02/02 v1.28 mathematical typesetting tools

(/usr/share/texlive/texmf-dist/tex/latex/tools/calc.sty
Package: calc 2017/05/25 v4.3 Infix arithmetic (KKT,FJ)
\calc@Acount=\count293
\calc@Bcount=\count294
\calc@Adimen=\dimen183
\calc@Bdimen=\dimen184
\calc@Askip=\skip63
\calc@Bskip=\skip64
LaTeX Info: Redefining \setlength on input line 80.
LaTeX Info: Redefining \addtolength on input line 81.
\calc@Ccount=\count295
\calc@Cskip=\skip65
)
(/usr/share/texlive/texmf-dist/tex/latex/mathtools/mhsetup.sty
Package: mhsetup 2021/03/18 v1.4 programming setup (MH)
)
\g_MT_multlinerow_int=\count296
\l_MT_multwidth_dim=\dimen185
\origjot=\skip66
\l_MT_shortvdotswithinadjustabove_dim=\dimen186
\l_MT_shortvdotswithinadjustbelow_dim=\dimen187
\l_MT_above_intertext_sep=\dimen188
\l_MT_below_intertext_sep=\dimen189
\l_MT_above_shortintertext_sep=\dimen190
\l_MT_below_shortintertext_sep=\dimen191
\xmathstrut@box=\box54
\xmathstrut@dim=\dimen192
)
\c@theorem=\count297
\c@corollary=\count298

(/usr/share/texlive/texmf-dist/tex/latex/biblatex/biblatex.sty
Package: biblatex 2022/02/02 v3.17 programmable bibliographies (PK/MW)

(/usr/share/texlive/texmf-dist/tex/latex/logreq/logreq.sty
Package: logreq 2010/08/04 v1.0 xml request logger
\lrq@indent=\count299

(/usr/share/texlive/texmf-dist/tex/latex/logreq/logreq.def
File: logreq.def 2010/08/04 v1.0 logreq spec v1.0
))
(/usr/share/texlive/texmf-dist/tex/latex/base/ifthen.sty
Package: ifthen 2020/11/24 v1.1c Standard LaTeX ifthen package (DPC)
)
\c@tabx@nest=\count300
\c@listtotal=\count301
\c@listcount=\count302
\c@liststart=\count303
\c@liststop=\count304
\c@citecount=\count305
\c@citetotal=\count306
\c@multicitecount=\count307
\c@multicitetotal=\count308
\c@instcount=\count309
\c@maxnames=\count310
\c@minnames=\count311
\c@maxitems=\count312
\c@minitems=\count313
\c@citecounter=\count314
\c@maxcitecounter=\count315
\c@savedcitecounter=\count316
\c@uniquelist=\count317
\c@uniquename=\count318
\c@refsection=\count319
\c@refsegment=\count320
\c@maxextratitle=\count321
\c@maxextratitleyear=\count322
\c@maxextraname=\count323
\c@maxextradate=\count324
\c@maxextraalpha=\count325
\c@abbrvpenalty=\count326
\c@highnamepenalty=\count327
\c@lownamepenalty=\count328
\c@maxparens=\count329
\c@parenlevel=\count330
\blx@tempcnta=\count331
\blx@tempcntb=\count332
\blx@tempcntc=\count333
\c@blx@maxsection=\count334
\c@blx@maxsegment@0=\count335
\blx@notetype=\count336
\blx@parenlevel@text=\count337
\blx@parenlevel@foot=\count338
\c@blx@sectionciteorder@0=\count339
\blx@entrysetcounter=\count340
\blx@biblioinstance=\count341
\labelnumberwidth=\skip67
\labelalphawidth=\skip68
\biblabelsep=\skip69
\bibitemsep=\skip70
\bibnamesep=\skip71
\bibinitsep=\skip72
\bibparsep=\skip73
\bibhang=\skip74
\blx@bcfin=\read2
\blx@bcfout=\write3
\blx@langwohyphens=\language87
\c@mincomprange=\count342
\c@maxcomprange=\count343
\c@mincompwidth=\count344
Package biblatex Info: Trying to load biblatex default data model...
Package biblatex Info: ... file 'blx-dm.def' found.

(/usr/share/texlive/texmf-dist/tex/latex/biblatex/blx-dm.def
File: blx-dm.def 2022/02/02 v3.17 biblatex localization (PK/MW)
)
Package biblatex Info: Trying to load biblatex custom data model...
Package biblatex Info: ... file 'biblatex-dm.cfg' not found.
\c@afterword=\count345
\c@savedafterword=\count346
\c@annotator=\count347
\c@savedannotator=\count348
\c@author=\count349
\c@savedauthor=\count350
\c@bookauthor=\count351
\c@savedbookauthor=\count352
\c@commentator=\count353
\c@savedcommentator=\count354
\c@editor=\count355
\c@savededitor=\count356
\c@editora=\count357
\c@savededitora=\count358
\c@editorb=\count359
\c@savededitorb=\count360
\c@editorc=\count361
\c@savededitorc=\count362
\c@foreword=\count363
\c@savedforeword=\count364
\c@holder=\count365
\c@savedholder=\count366
\c@introduction=\count367
\c@savedintroduction=\count368
\c@namea=\count369
\c@savednamea=\count370
\c@nameb=\count371
\c@savednameb=\count372
\c@namec=\count373
\c@savednamec=\count374
\c@translator=\count375
\c@savedtranslator=\count376
\c@shortauthor=\count377
\c@savedshortauthor=\count378
\c@shorteditor=\count379
\c@savedshorteditor=\count380
\c@labelname=\count381
\c@savedlabelname=\count382
\c@institution=\count383
\c@savedinstitution=\count384
\c@lista=\count385
\c@savedlista=\count386
\c@listb=\count387
\c@savedlistb=\count388
\c@listc=\count389
\c@savedlistc=\count390
\c@listd=\count391
\c@savedlistd=\count392
\c@liste=\count393
\c@savedliste=\count394
\c@listf=\count395
\c@savedlistf=\count396
\c@location=\count397
\c@savedlocation=\count398
\c@organization=\count399
\c@savedorganization=\count400
\c@origlocation=\count401
\c@savedoriglocation=\count402
\c@origpublisher=\count403
\c@savedorigpublisher=\count404
\c@publisher=\count405
\c@savedpublisher=\count406
\c@language=\count407
\c@savedlanguage=\count408
\c@origlanguage=\count409
\c@savedoriglanguage=\count410
\c@pageref=\count411
\c@savedpageref=\count412
\shorthandwidth=\skip75
\shortjournalwidth=\skip76
\shortserieswidth=\skip77
\shorttitlewidth=\skip78
\shortauthorwidth=\skip79
\shorteditorwidth=\skip80
\locallabelnumberwidth=\skip81
\locallabelalphawidth=\skip82
\localshorthandwidth=\skip83
\localshortjournalwidth=\skip84
\localshortserieswidth=\skip85
\localshorttitlewidth=\skip86
\localshortauthorwidth=\skip87
\localshorteditorwidth=\skip88
Package biblatex Info: Trying to load compatibility code...
Package biblatex Info: ... file 'blx-compat.def' found.

(/usr/share/texlive/texmf-dist/tex/latex/biblatex/blx-compat.def
File: blx-compat.def 2022/02/02 v3.17 biblatex compatibility (PK/MW)
)
Package biblatex Info: Trying to load generic definitions...
Package biblatex Info: ... file 'biblatex.def' found.

(/usr/share/texlive/texmf-dist/tex/latex/biblatex/biblatex.def
File: biblatex.def 2022/02/02 v3.17 biblatex compatibility (PK/MW)
\c@textcitecount=\count413
\c@textcitetotal=\count414
\c@textcitemaxnames=\count415
\c@biburlbigbreakpenalty=\count416
\c@biburlbreakpenalty=\count417
\c@biburlnumpenalty=\count418
\c@biburlucpenalty=\count419
\c@biburllcpenalty=\count420
\biburlbigskip=\muskip18
\biburlnumskip=\muskip19
\biburlucskip=\muskip20
\biburllcskip=\muskip21
\c@smartand=\count421
)
Package biblatex Info: Trying to load bibliography style 'numeric'...
Package biblatex Info: ... file 'numeric.bbx' found.

(/usr/share/texlive/texmf-dist/tex/latex/biblatex/bbx/numeric.bbx
File: numeric.bbx 2022/02/02 v3.17 biblatex bibliography style (PK/MW)
Package biblatex Info: Trying to load bibliography style 'standard'...
Package biblatex Info: ... file 'standard.bbx' found.

(/usr/share/texlive/texmf-dist/tex/latex/biblatex/bbx/standard.bbx
File: standard.bbx 2022/02/02 v3.17 biblatex bibliography style (PK/MW)
\c@bbx:relatedcount=\count422
\c@bbx:relatedtotal=\count423
))
Package biblatex Info: Trying to load citation style 'numeric'...
Package biblatex Info: ... file 'numeric.cbx' found.

(/usr/share/texlive/texmf-dist/tex/latex/biblatex/cbx/numeric.cbx
File: numeric.cbx 2022/02/02 v3.17 biblatex citation style (PK/MW)
Package biblatex Info: Redefining '\cite'.
Package biblatex Info: Redefining '\parencite'.
Package biblatex Info: Redefining '\footcite'.
Package biblatex Info: Redefining '\footcitetext'.
Package biblatex Info: Redefining '\smartcite'.
Package biblatex Info: Redefining '\supercite'.
Package biblatex Info: Redefining '\textcite'.
Package biblatex Info: Redefining '\textcites'.
Package biblatex Info: Redefining '\cites'.
Package biblatex Info: Redefining '\parencites'.
Package biblatex Info: Redefining '\smartcites'.
)
Package biblatex Info: Trying to load configuration file...
Package biblatex Info: ... file 'biblatex.cfg' found.

(/usr/share/texlive/texmf-dist/tex/latex/biblatex/biblatex.cfg
File: biblatex.cfg 
)
Package biblatex Info: Input encoding 'utf8' detected.
Package biblatex Info: Document encoding is UTF8 ....

(/usr/share/texlive/texmf-dist/tex/latex/l3kernel/expl3.sty
Package: expl3 2022-01-21 L3 programming layer (loader) 

(/usr/share/texlive/texmf-dist/tex/latex/l3backend/l3backend-pdftex.def
File: l3backend-pdftex.def 2022-01-12 L3 backend support: PDF output (pdfTeX)
\l__color_backend_stack_int=\count424
\l__pdf_internal_box=\box55
))
Package biblatex Info: ... and expl3
(biblatex)             2022-01-21 L3 programming layer (loader) 
(biblatex)             is new enough (at least 2020/04/06),
(biblatex)             setting 'casechanger=expl3'.

(/usr/share/texlive/texmf-dist/tex/latex/biblatex/blx-case-expl3.sty
(/usr/share/texlive/texmf-dist/tex/latex/l3packages/xparse/xparse.sty
Package: xparse 2022-01-12 L3 Experimental document command parser
)
Package: blx-case-expl3 2022/02/02 v3.17 expl3 case changing code for biblatex
))
\@quotelevel=\count425
\@quotereset=\count426

(./book.aux)
\openout1 = `book.aux'.

LaTeX Font Info:    Checking defaults for OML/cmm/m/it on input line 76.
LaTeX Font Info:    ... okay on input line 76.
LaTeX Font Info:    Checking defaults for OMS/cmsy/m/n on input line 76.
LaTeX Font Info:    ... okay on input line 76.
LaTeX Font Info:    Checking defaults for OT1/cmr/m/n on input line 76.
LaTeX Font Info:    ... okay on input line 76.
LaTeX Font Info:    Checking defaults for T1/cmr/m/n on input line 76.
LaTeX Font Info:    ... okay on input line 76.
LaTeX Font Info:    Checking defaults for TS1/cmr/m/n on input line 76.
LaTeX Font Info:    ... okay on input line 76.
LaTeX Font Info:    Checking defaults for OMX/cmex/m/n on input line 76.
LaTeX Font Info:    ... okay on input line 76.
LaTeX Font Info:    Checking defaults for U/cmr/m/n on input line 76.
LaTeX Font Info:    ... okay on input line 76.
LaTeX Font Info:    Checking defaults for PD1/pdf/m/n on input line 76.
LaTeX Font Info:    ... okay on input line 76.
LaTeX Font Info:    Checking defaults for PU/pdf/m/n on input line 76.
LaTeX Font Info:    ... okay on input line 76.
 (/usr/share/texlive/texmf-dist/tex/context/base/mkii/supp-pdf.mkii
[Loading MPS to PDF converter (version 2006.09.02).]
\scratchcounter=\count427
\scratchdimen=\dimen193
\scratchbox=\box56
\nofMPsegments=\count428
\nofMParguments=\count429
\everyMPshowfont=\toks33
\MPscratchCnt=\count430
\MPscratchDim=\dimen194
\MPnumerator=\count431
\makeMPintoPDFobject=\count432
\everyMPtoPDFconversion=\toks34
) (/usr/share/texlive/texmf-dist/tex/latex/epstopdf-pkg/epstopdf-base.sty
Package: epstopdf-base 2020-01-24 v2.11 Base part for package epstopdf
Package epstopdf-base Info: Redefining graphics rule for `.eps' on input line 4
85.

(/usr/share/texlive/texmf-dist/tex/latex/latexconfig/epstopdf-sys.cfg
File: epstopdf-sys.cfg 2010/07/13 v1.3 Configuration of (r)epstopdf for TeX Liv
e
))
*geometry* driver: auto-detecting
*geometry* detected driver: pdftex
*geometry* verbose mode - [ preamble ] result:
* driver: pdftex
* paper: a4paper
* layout: <same size as paper>
* layoutoffset:(h,v)=(0.0pt,0.0pt)
* modes: 
* h-part:(L,W,R)=(56.90552pt, 483.69684pt, 56.90552pt)
* v-part:(T,H,B)=(56.9055pt, 731.23584pt, 56.9055pt)
* \paperwidth=597.50787pt
* \paperheight=845.04684pt
* \textwidth=483.69684pt
* \textheight=731.23584pt
* \oddsidemargin=-15.36447pt
* \evensidemargin=-15.36447pt
* \topmargin=-52.36449pt
* \headheight=12.0pt
* \headsep=25.0pt
* \topskip=11.0pt
* \footskip=30.0pt
* \marginparwidth=59.0pt
* \marginparsep=10.0pt
* \columnsep=10.0pt
* \skip\footins=10.0pt plus 4.0pt minus 2.0pt
* \hoffset=0.0pt
* \voffset=0.0pt
* \mag=1000
* \@twocolumnfalse
* \@twosidefalse
* \@mparswitchfalse
* \@reversemarginfalse
* (1in=72.27pt=25.4mm, 1cm=28.453pt)

Package caption Info: Begin \AtBeginDocument code.
Package caption Info: hyperref package is loaded.
Package caption Info: End \AtBeginDocument code.
Package hyperref Info: Link coloring OFF on input line 76.
(/usr/share/texlive/texmf-dist/tex/latex/hyperref/nameref.sty
Package: nameref 2021-04-02 v2.47 Cross-referencing by name of section

(/usr/share/texlive/texmf-dist/tex/latex/refcount/refcount.sty
Package: refcount 2019/12/15 v3.6 Data extraction from label references (HO)
)
(/usr/share/texlive/texmf-dist/tex/generic/gettitlestring/gettitlestring.sty
Package: gettitlestring 2019/12/15 v1.6 Cleanup title references (HO)
)
\c@section@level=\count433
)
LaTeX Info: Redefining \ref on input line 76.
LaTeX Info: Redefining \pageref on input line 76.
LaTeX Info: Redefining \nameref on input line 76.

(./book.out) (./book.out)
\@outlinefile=\write4
\openout4 = `book.out'.

LaTeX Info: Redefining \celsius on input line 76.
Package gensymb Info: Faking symbols for \degree and \celsius on input line 76.



Package gensymb Warning: Not defining \perthousand.

LaTeX Info: Redefining \ohm on input line 76.
Package gensymb Info: Using \Omega for \ohm on input line 76.

Package gensymb Warning: Not defining \micro.

Package biblatex Info: Trying to load language 'english'...
Package biblatex Info: ... file 'english.lbx' found.
(/usr/share/texlive/texmf-dist/tex/latex/biblatex/lbx/english.lbx
File: english.lbx 2022/02/02 v3.17 biblatex localization (PK/MW)
)
Package biblatex Info: Input encoding 'utf8' detected.
Package biblatex Info: Automatic encoding selection.
(biblatex)             Assuming data encoding 'utf8'.
\openout3 = `book.bcf'.

Package biblatex Info: Trying to load bibliographic data...
Package biblatex Info: ... file 'book.bbl' found.
 (./book.bbl)
Package biblatex Info: Reference section=0 on input line 76.
Package biblatex Info: Reference segment=0 on input line 76.
<pictures//ku_logo.png, id=152, 1305.87875pt x 1645.14626pt>
File: pictures//ku_logo.png Graphic file (type png)
<use pictures//ku_logo.png>
Package pdftex.def Info: pictures//ku_logo.png  used on input line 81.
(pdftex.def)             Requested size: 139.30322pt x 185.73619pt.
LaTeX Font Info:    Trying to load font information for U+rsfs on input line 82
.
(/usr/share/texlive/texmf-dist/tex/latex/jknapltx/ursfs.fd
File: ursfs.fd 1998/03/24 rsfs font definition file (jk)
)
LaTeX Font Info:    Trying to load font information for U+msa on input line 82.


(/usr/share/texlive/texmf-dist/tex/latex/amsfonts/umsa.fd
File: umsa.fd 2013/01/14 v3.01 AMS symbols A
)
LaTeX Font Info:    Trying to load font information for U+msb on input line 82.


(/usr/share/texlive/texmf-dist/tex/latex/amsfonts/umsb.fd
File: umsb.fd 2013/01/14 v3.01 AMS symbols B
)
LaTeX Font Info:    Trying to load font information for U+esvect on input line 
82.

(/usr/share/texlive/texmf-dist/tex/latex/esvect/uesvect.fd
File: uesvect.fd 
)
LaTeX Font Info:    Trying to load font information for U+stmry on input line 8
2.

(/usr/share/texlive/texmf-dist/tex/latex/stmaryrd/Ustmry.fd)
<pictures//su_logo.png, id=154, 1204.5pt x 1153.30875pt>
File: pictures//su_logo.png Graphic file (type png)
<use pictures//su_logo.png>
Package pdftex.def Info: pictures//su_logo.png  used on input line 84.
(pdftex.def)             Requested size: 162.50859pt x 162.518pt.
 [1

{/var/lib/texmf/fonts/map/pdftex/updmap/pdftex.map} <./pictures//ku_logo.png> <
./pictures//su_logo.png>]pdfTeX warning (ext4): destination with the same ident
ifier (name{page.1}) has been already used, duplicate ignored
<to be read again> 
                   \relax 
l.102 \begin{abstract}
                       [1]pdfTeX warning (ext4): destination with the same iden
tifier (name{page.1}) has been already used, duplicate ignored
<to be read again> 
                   \relax 
l.108 \end{abstract}
                     [1]pdfTeX warning (ext4): destination with the same identi
fier (name{page.1}) has been already used, duplicate ignored
<to be read again> 
                   \relax 
l.112 \end{acknowledgments}
                            [1] (./book.tocpdfTeX warning (ext4): destination w
ith the same identifier (name{page.1}) has been already used, duplicate ignored

<to be read again> 
                   \relax 
l.37 ...{\numberline {C}Resources}{89}{appendix.C}
                                                  % [1

])
\tf@toc=\write5
\openout5 = `book.toc'.

 [2]
Chapter 1.
[3

]
<pictures//sr88.png, id=245, 375.4797pt x 450.76096pt>
File: pictures//sr88.png Graphic file (type png)
<use pictures//sr88.png>
Package pdftex.def Info: pictures//sr88.png  used on input line 126.
(pdftex.def)             Requested size: 483.69684pt x 580.68619pt.


LaTeX Warning: `!h' float specifier changed to `!ht'.

[4] [5 <./pictures//sr88.png>]
Chapter 2.
[6

]
Overfull \hbox (2.36208pt too wide) in paragraph at lines 158--160
\OT1/cmr/m/n/10.95 In other words, it just makes the link be-tween the en-hance
-ment fac-tor of the cav-ity and the constructive-
 []

LaTeX Font Info:    Trying to load font information for U+bbold on input line 1
71.
(/usr/share/texlive/texmf-dist/tex/latex/bbold/Ubbold.fd) [7]
<pictures//airy-dist.png, id=298, 987.2082pt x 476.982pt>
File: pictures//airy-dist.png Graphic file (type png)
<use pictures//airy-dist.png>
Package pdftex.def Info: pictures//airy-dist.png  used on input line 229.
(pdftex.def)             Requested size: 483.69684pt x 233.70139pt.


LaTeX Warning: `h' float specifier changed to `ht'.

[8]
<pictures//airy-fmwh.png, id=321, 987.2082pt x 476.982pt>
File: pictures//airy-fmwh.png Graphic file (type png)
<use pictures//airy-fmwh.png>
Package pdftex.def Info: pictures//airy-fmwh.png  used on input line 250.
(pdftex.def)             Requested size: 483.69684pt x 233.70139pt.


LaTeX Warning: `h' float specifier changed to `ht'.

[9 <./pictures//airy-dist.png>] [10 <./pictures//airy-fmwh.png>] [11] [12]
[13]
<pictures//rabi-no-delta.png, id=417, 984.3174pt x 474.0912pt>
File: pictures//rabi-no-delta.png Graphic file (type png)
<use pictures//rabi-no-delta.png>
Package pdftex.def Info: pictures//rabi-no-delta.png  used on input line 428.
(pdftex.def)             Requested size: 483.69684pt x 232.96501pt.


LaTeX Warning: `h' float specifier changed to `ht'.

<pictures//rabi-prog-delta.png, id=419, 658.3797pt x 395.3169pt>
File: pictures//rabi-prog-delta.png Graphic file (type png)
<use pictures//rabi-prog-delta.png>
Package pdftex.def Info: pictures//rabi-prog-delta.png  used on input line 437.

(pdftex.def)             Requested size: 483.69684pt x 290.43076pt.

LaTeX Warning: `!h' float specifier changed to `!ht'.

[14] [15 <./pictures//rabi-no-delta.png> <./pictures//rabi-prog-delta.png>]
[16] [17] [18] [19] [20] [21] [22] [23] [24] [25]

Package hyperref Warning: Token not allowed in a PDF string (Unicode):
(hyperref)                removing `math shift' on input line 820.


Package hyperref Warning: Token not allowed in a PDF string (Unicode):
(hyperref)                removing `superscript' on input line 820.


Package hyperref Warning: Token not allowed in a PDF string (Unicode):
(hyperref)                removing `math shift' on input line 820.

[26]
Overfull \hbox (5.78862pt too wide) in paragraph at lines 834--836
\OT1/cmr/m/n/10.95 to be ap-prox-i-mately con-stant for the three sets of atom 
num-bers (Here we im-plic-itly set $[][] =
 []

[27]
<pictures//10k_234_nsz.png, id=658, 604.1772pt x 362.0727pt>
File: pictures//10k_234_nsz.png Graphic file (type png)
<use pictures//10k_234_nsz.png>
Package pdftex.def Info: pictures//10k_234_nsz.png  used on input line 863.
(pdftex.def)             Requested size: 232.17241pt x 139.13599pt.
<pictures//10k_234_nsz_zoom_1.png, id=659, 604.1772pt x 362.0727pt>
File: pictures//10k_234_nsz_zoom_1.png Graphic file (type png)
<use pictures//10k_234_nsz_zoom_1.png>
Package pdftex.def Info: pictures//10k_234_nsz_zoom_1.png  used on input line 8
69.
(pdftex.def)             Requested size: 232.17241pt x 139.13599pt.
<pictures//10k_234_nsz_zoom_2.png, id=660, 604.1772pt x 362.0727pt>
File: pictures//10k_234_nsz_zoom_2.png Graphic file (type png)
<use pictures//10k_234_nsz_zoom_2.png>
Package pdftex.def Info: pictures//10k_234_nsz_zoom_2.png  used on input line 8
80.
(pdftex.def)             Requested size: 255.39105pt x 153.04738pt.

Overfull \hbox (23.21864pt too wide) in paragraph at lines 880--881
 [][] 
 []

<pictures//10k_234_nsz_zoom_3.png, id=661, 604.1772pt x 362.0727pt>
File: pictures//10k_234_nsz_zoom_3.png Graphic file (type png)
<use pictures//10k_234_nsz_zoom_3.png>
Package pdftex.def Info: pictures//10k_234_nsz_zoom_3.png  used on input line 8
87.
(pdftex.def)             Requested size: 232.17241pt x 139.13599pt.
<pictures//10k_234_g1.png, id=662, 642.4803pt x 404.712pt>
File: pictures//10k_234_g1.png Graphic file (type png)
<use pictures//10k_234_g1.png>
Package pdftex.def Info: pictures//10k_234_g1.png  used on input line 897.
(pdftex.def)             Requested size: 232.17241pt x 146.25198pt.
<pictures//10k_234_g1_zoom.png, id=663, 642.4803pt x 404.712pt>
File: pictures//10k_234_g1_zoom.png Graphic file (type png)
<use pictures//10k_234_g1_zoom.png>
Package pdftex.def Info: pictures//10k_234_g1_zoom.png  used on input line 903.

(pdftex.def)             Requested size: 232.17241pt x 146.25198pt.

LaTeX Warning: `!h' float specifier changed to `!ht'.

<pictures//10k_234_g1_zoom_2.png, id=664, 642.4803pt x 404.712pt>
File: pictures//10k_234_g1_zoom_2.png Graphic file (type png)
<use pictures//10k_234_g1_zoom_2.png>
Package pdftex.def Info: pictures//10k_234_g1_zoom_2.png  used on input line 91
3.
(pdftex.def)             Requested size: 290.22105pt x 182.81653pt.

LaTeX Warning: `!h' float specifier changed to `!ht'.

[28 <./pictures//10k_234_nsz.png> <./pictures//10k_234_nsz_zoom_1.png> <./pictu
res//10k_234_nsz_zoom_2.png> <./pictures//10k_234_nsz_zoom_3.png>]
<pictures//100k_3_nsz.png, id=679, 559.3698pt x 369.2997pt>
File: pictures//100k_3_nsz.png Graphic file (type png)
<use pictures//100k_3_nsz.png>
Package pdftex.def Info: pictures//100k_3_nsz.png  used on input line 925.
(pdftex.def)             Requested size: 232.17241pt x 153.27905pt.
<pictures//100k_3_nsz_zoom_1.png, id=680, 559.3698pt x 369.2997pt>
File: pictures//100k_3_nsz_zoom_1.png Graphic file (type png)
<use pictures//100k_3_nsz_zoom_1.png>
Package pdftex.def Info: pictures//100k_3_nsz_zoom_1.png  used on input line 93
1.
(pdftex.def)             Requested size: 232.17241pt x 153.27905pt.


LaTeX Warning: `!h' float specifier changed to `!ht'.

<pictures//100k_3_nsz_zoom_3.png, id=681, 559.3698pt x 369.2997pt>
File: pictures//100k_3_nsz_zoom_3.png Graphic file (type png)
<use pictures//100k_3_nsz_zoom_3.png>
Package pdftex.def Info: pictures//100k_3_nsz_zoom_3.png  used on input line 94
2.
(pdftex.def)             Requested size: 232.17241pt x 153.27905pt.
<pictures//100k_3_nsz_zoom_2.png, id=682, 559.3698pt x 369.2997pt>
File: pictures//100k_3_nsz_zoom_2.png Graphic file (type png)
<use pictures//100k_3_nsz_zoom_2.png>
Package pdftex.def Info: pictures//100k_3_nsz_zoom_2.png  used on input line 94
8.
(pdftex.def)             Requested size: 232.17241pt x 153.27905pt.

LaTeX Warning: `!h' float specifier changed to `!ht'.

<pictures//100k_3_g1.png, id=683, 475.5366pt x 325.215pt>
File: pictures//100k_3_g1.png Graphic file (type png)
<use pictures//100k_3_g1.png>
Package pdftex.def Info: pictures//100k_3_g1.png  used on input line 958.
(pdftex.def)             Requested size: 232.17241pt x 158.7811pt.
<pictures//100k_3_g1_zoom_1.png, id=684, 475.5366pt x 325.215pt>
File: pictures//100k_3_g1_zoom_1.png Graphic file (type png)
<use pictures//100k_3_g1_zoom_1.png>
Package pdftex.def Info: pictures//100k_3_g1_zoom_1.png  used on input line 964
.
(pdftex.def)             Requested size: 232.17241pt x 158.7811pt.

LaTeX Warning: `!h' float specifier changed to `!ht'.

[29 <./pictures//10k_234_g1.png> <./pictures//10k_234_g1_zoom.png> <./pictures/
/10k_234_g1_zoom_2.png>] [30 <./pictures//100k_3_nsz.png> <./pictures//100k_3_n
sz_zoom_1.png> <./pictures//100k_3_nsz_zoom_3.png> <./pictures//100k_3_nsz_zoom
_2.png> <./pictures//100k_3_g1.png> <./pictures//100k_3_g1_zoom_1.png>]
<pictures//300k_3_nsz.png, id=707, 484.209pt x 307.8702pt>
File: pictures//300k_3_nsz.png Graphic file (type png)
<use pictures//300k_3_nsz.png>
Package pdftex.def Info: pictures//300k_3_nsz.png  used on input line 980.
(pdftex.def)             Requested size: 232.17241pt x 147.62097pt.
<pictures//300k_3_nsz_zoom_1.png, id=708, 484.209pt x 307.8702pt>
File: pictures//300k_3_nsz_zoom_1.png Graphic file (type png)
<use pictures//300k_3_nsz_zoom_1.png>
Package pdftex.def Info: pictures//300k_3_nsz_zoom_1.png  used on input line 98
6.
(pdftex.def)             Requested size: 232.17241pt x 147.62097pt.
<pictures//300k_3_nsz_zoom_3.png, id=709, 484.209pt x 307.8702pt>
File: pictures//300k_3_nsz_zoom_3.png Graphic file (type png)
<use pictures//300k_3_nsz_zoom_3.png>
Package pdftex.def Info: pictures//300k_3_nsz_zoom_3.png  used on input line 99
7.
(pdftex.def)             Requested size: 232.17241pt x 147.62097pt.
<pictures//300k_3_nsz_zoom_2.png, id=710, 484.209pt x 307.8702pt>
File: pictures//300k_3_nsz_zoom_2.png Graphic file (type png)
<use pictures//300k_3_nsz_zoom_2.png>
Package pdftex.def Info: pictures//300k_3_nsz_zoom_2.png  used on input line 10
03.
(pdftex.def)             Requested size: 232.17241pt x 147.62097pt.
<pictures//300k_3_g1.png, id=713, 474.0912pt x 312.9291pt>
File: pictures//300k_3_g1.png Graphic file (type png)
<use pictures//300k_3_g1.png>
Package pdftex.def Info: pictures//300k_3_g1.png  used on input line 1013.
(pdftex.def)             Requested size: 232.17241pt x 153.25064pt.
<pictures//300k_3_g1_zoom_1.png, id=714, 474.0912pt x 312.9291pt>
File: pictures//300k_3_g1_zoom_1.png Graphic file (type png)
<use pictures//300k_3_g1_zoom_1.png>
Package pdftex.def Info: pictures//300k_3_g1_zoom_1.png  used on input line 101
9.
(pdftex.def)             Requested size: 232.17241pt x 153.25064pt.

[31 <./pictures//300k_3_nsz.png> <./pictures//300k_3_nsz_zoom_1.png> <./picture
s//300k_3_nsz_zoom_3.png> <./pictures//300k_3_nsz_zoom_2.png> <./pictures//300k
_3_g1.png> <./pictures//300k_3_g1_zoom_1.png>] [32]
Chapter 3.

Package hyperref Warning: Token not allowed in a PDF string (Unicode):
(hyperref)                removing `math shift' on input line 1041.


Package hyperref Warning: Token not allowed in a PDF string (Unicode):
(hyperref)                removing `superscript' on input line 1041.


Package hyperref Warning: Token not allowed in a PDF string (Unicode):
(hyperref)                removing `math shift' on input line 1041.

[33

] [34]
<pictures//heterodyne-fst.png, id=785, 340.53926pt x 166.10748pt>
File: pictures//heterodyne-fst.png Graphic file (type png)
<use pictures//heterodyne-fst.png>
Package pdftex.def Info: pictures//heterodyne-fst.png  used on input line 1132.

(pdftex.def)             Requested size: 483.69684pt x 235.94014pt.


LaTeX Warning: `!h' float specifier changed to `!ht'.

[35] [36 <./pictures//heterodyne-fst.png>] [37]
<pictures//detector-fst.png, id=828, 419.31656pt x 383.93437pt>
File: pictures//detector-fst.png Graphic file (type png)
<use pictures//detector-fst.png>
Package pdftex.def Info: pictures//detector-fst.png  used on input line 1197.
(pdftex.def)             Requested size: 290.22105pt x 265.72931pt.
<pictures//photodiode-vi.png, id=832, 278.4804pt x 160.9212pt>
File: pictures//photodiode-vi.png Graphic file (type png)
<use pictures//photodiode-vi.png>
Package pdftex.def Info: pictures//photodiode-vi.png  used on input line 1206.
(pdftex.def)             Requested size: 338.5863pt x 195.6606pt.


LaTeX Warning: `!h' float specifier changed to `!ht'.

[38 <./pictures//detector-fst.png>] [39 <./pictures//photodiode-vi.png>]
<pictures//filter.png, id=856, 146.79843pt x 207.77625pt>
File: pictures//filter.png Graphic file (type png)
<use pictures//filter.png>
Package pdftex.def Info: pictures//filter.png  used on input line 1248.
(pdftex.def)             Requested size: 101.57692pt x 143.77156pt.
<pictures//notch-resp.png, id=857, 507.3354pt x 367.8543pt>
File: pictures//notch-resp.png Graphic file (type png)
<use pictures//notch-resp.png>
Package pdftex.def Info: pictures//notch-resp.png  used on input line 1255.
(pdftex.def)             Requested size: 290.22105pt x 210.43687pt.

[40 <./pictures//filter.png> <./pictures//notch-resp.png>]
<pictures//equiv-diode.png, id=876, 128.73094pt x 130.98938pt>
File: pictures//equiv-diode.png Graphic file (type png)
<use pictures//equiv-diode.png>
Package pdftex.def Info: pictures//equiv-diode.png  used on input line 1278.
(pdftex.def)             Requested size: 96.73788pt x 98.43765pt.
<pictures//detector-sec.png, id=879, 485.56406pt x 341.02406pt>
File: pictures//detector-sec.png Graphic file (type png)
<use pictures//detector-sec.png>
Package pdftex.def Info: pictures//detector-sec.png  used on input line 1291.
(pdftex.def)             Requested size: 338.5863pt x 237.79417pt.


LaTeX Warning: `!h' float specifier changed to `!ht'.

<pictures//tank.png, id=882, 158.09062pt x 137.7647pt>
File: pictures//tank.png Graphic file (type png)
<use pictures//tank.png>
Package pdftex.def Info: pictures//tank.png  used on input line 1306.
(pdftex.def)             Requested size: 116.08885pt x 101.16438pt.
<pictures//tank-response.png, id=883, 497.2176pt x 338.9463pt>
File: pictures//tank-response.png Graphic file (type png)
<use pictures//tank-response.png>
Package pdftex.def Info: pictures//tank-response.png  used on input line 1313.
(pdftex.def)             Requested size: 290.22105pt x 197.85094pt.
[41 <./pictures//equiv-diode.png>]
<pictures//total_gain_original.jpg, id=902, 2032.59375pt x 1129.21875pt>
File: pictures//total_gain_original.jpg Graphic file (type jpg)
<use pictures//total_gain_original.jpg>
Package pdftex.def Info: pictures//total_gain_original.jpg  used on input line 
1326.
(pdftex.def)             Requested size: 483.69684pt x 268.70915pt.


LaTeX Warning: `!h' float specifier changed to `!ht'.

<pictures//transimp.png, id=904, 277.78781pt x 177.66376pt>
File: pictures//transimp.png Graphic file (type png)
<use pictures//transimp.png>
Package pdftex.def Info: pictures//transimp.png  used on input line 1335.
(pdftex.def)             Requested size: 241.84842pt x 154.68007pt.

LaTeX Warning: `!h' float specifier changed to `!ht'.

<pictures//elec-scheme.png, id=907, 755.9442pt x 375.804pt>
File: pictures//elec-scheme.png Graphic file (type png)
<use pictures//elec-scheme.png>
Package pdftex.def Info: pictures//elec-scheme.png  used on input line 1349.
(pdftex.def)             Requested size: 459.51051pt x 228.4373pt.

LaTeX Warning: `!h' float specifier changed to `!ht'.

<pictures//noise_gain_opamp_original.jpg, id=912, 1053.9375pt x 504.38437pt>
File: pictures//noise_gain_opamp_original.jpg Graphic file (type jpg)
<use pictures//noise_gain_opamp_original.jpg>
Package pdftex.def Info: pictures//noise_gain_opamp_original.jpg  used on input
 line 1358.
(pdftex.def)             Requested size: 386.95894pt x 185.18777pt.

LaTeX Warning: `!h' float specifier changed to `!ht'.

[42 <./pictures//detector-sec.png>]
<pictures//opick.png, id=927, 661.2705pt x 312.2064pt>
File: pictures//opick.png Graphic file (type png)
<use pictures//opick.png>
Package pdftex.def Info: pictures//opick.png  used on input line 1378.
(pdftex.def)             Requested size: 239.42963pt x 113.0421pt.

Overfull \hbox (21.76753pt too wide) in paragraph at lines 1378--1379
 [][] 
 []

<pictures//odeep.png, id=928, 595.5048pt x 303.534pt>
File: pictures//odeep.png Graphic file (type png)
<use pictures//odeep.png>
Package pdftex.def Info: pictures//odeep.png  used on input line 1385.
(pdftex.def)             Requested size: 239.42963pt x 122.0367pt.

Overfull \hbox (21.76753pt too wide) in paragraph at lines 1385--1386
 [][] 
 []


LaTeX Warning: `!h' float specifier changed to `!ht'.

[43 <./pictures//tank.png> <./pictures//tank-response.png> <./pictures//total_g
ain_original.jpg>]
<pictures//noise_gain_opamp_new.jpg, id=943, 2032.59375pt x 1129.21875pt>
File: pictures//noise_gain_opamp_new.jpg Graphic file (type jpg)
<use pictures//noise_gain_opamp_new.jpg>
Package pdftex.def Info: pictures//noise_gain_opamp_new.jpg  used on input line
 1402.
(pdftex.def)             Requested size: 483.69684pt x 268.70915pt.
 [44 <./pictures//transimp.png> <./pictures//elec-scheme.png>]

LaTeX Warning: `!h' float specifier changed to `!ht'.

<pictures//mpick.png, id=954, 685.8423pt x 298.4751pt>
File: pictures//mpick.png Graphic file (type png)
<use pictures//mpick.png>
Package pdftex.def Info: pictures//mpick.png  used on input line 1415.
(pdftex.def)             Requested size: 239.42963pt x 104.19914pt.

Overfull \hbox (21.76753pt too wide) in paragraph at lines 1415--1416
 [][] 
 []

<pictures//mdeep.png, id=955, 702.4644pt x 289.8027pt>
File: pictures//mdeep.png Graphic file (type png)
<use pictures//mdeep.png>
Package pdftex.def Info: pictures//mdeep.png  used on input line 1422.
(pdftex.def)             Requested size: 239.42963pt x 98.77481pt.

Overfull \hbox (21.76753pt too wide) in paragraph at lines 1422--1423
 [][] 
 []


LaTeX Warning: `!h' float specifier changed to `!ht'.

[45 <./pictures//noise_gain_opamp_original.jpg> <./pictures//opick.png> <./pict
ures//odeep.png>]
<pictures//total_gain_new.jpg, id=970, 2032.59375pt x 1129.21875pt>
File: pictures//total_gain_new.jpg Graphic file (type jpg)
<use pictures//total_gain_new.jpg>
Package pdftex.def Info: pictures//total_gain_new.jpg  used on input line 1440.

(pdftex.def)             Requested size: 483.69684pt x 268.70915pt.


LaTeX Warning: `!h' float specifier changed to `!ht'.

[46 <./pictures//noise_gain_opamp_new.jpg> <./pictures//mpick.png> <./pictures/
/mdeep.png>]
<pictures//heterodyne-lens.png, id=978, 317.83665pt x 225.51266pt>
File: pictures//heterodyne-lens.png Graphic file (type png)
<use pictures//heterodyne-lens.png>
Package pdftex.def Info: pictures//heterodyne-lens.png  used on input line 1453
.
(pdftex.def)             Requested size: 386.95894pt x 274.57446pt.


LaTeX Warning: `!h' float specifier changed to `!ht'.

<pictures//diode-size-sm.png, id=982, 538.26094pt x 93.34875pt>
File: pictures//diode-size-sm.png Graphic file (type png)
<use pictures//diode-size-sm.png>
Package pdftex.def Info: pictures//diode-size-sm.png  used on input line 1472.
(pdftex.def)             Requested size: 435.32419pt x 75.49811pt.

LaTeX Warning: `!h' float specifier changed to `!ht'.

<pictures//diode-size-eq.png, id=983, 435.12563pt x 79.04532pt>
File: pictures//diode-size-eq.png Graphic file (type png)
<use pictures//diode-size-eq.png>
Package pdftex.def Info: pictures//diode-size-eq.png  used on input line 1478.
(pdftex.def)             Requested size: 338.5863pt x 61.51155pt.

LaTeX Warning: `!h' float specifier changed to `!ht'.

<pictures//diode-size-big.png, id=984, 589.4522pt x 97.11281pt>
File: pictures//diode-size-big.png Graphic file (type png)
<use pictures//diode-size-big.png>
Package pdftex.def Info: pictures//diode-size-big.png  used on input line 1484.

(pdftex.def)             Requested size: 483.69684pt x 79.6908pt.
[47 <./pictures//total_gain_new.jpg>] [48 <./pictures//heterodyne-lens.png> <./
pictures//diode-size-sm.png> <./pictures//diode-size-eq.png> <./pictures//diode
-size-big.png>]
<diode-size-plot.png, id=1005, 654.0435pt x 321.6015pt>
File: diode-size-plot.png Graphic file (type png)
<use diode-size-plot.png>
Package pdftex.def Info: diode-size-plot.png  used on input line 1494.
(pdftex.def)             Requested size: 483.69684pt x 237.83907pt.
 [49 <./diode-size-plot.png>] [50]
<pictures//wp-pol-setup.png, id=1040, 513.41812pt x 161.85469pt>
File: pictures//wp-pol-setup.png Graphic file (type png)
<use pictures//wp-pol-setup.png>
Package pdftex.def Info: pictures//wp-pol-setup.png  used on input line 1548.
(pdftex.def)             Requested size: 435.32419pt x 137.2363pt.
<pictures//heterodyne-wp.png, id=1043, 317.83665pt x 193.35063pt>
File: pictures//heterodyne-wp.png Graphic file (type png)
<use pictures//heterodyne-wp.png>
Package pdftex.def Info: pictures//heterodyne-wp.png  used on input line 1557.
(pdftex.def)             Requested size: 386.95894pt x 235.41537pt.
 [51 <./pictures//wp-pol-setup.png> <./pictures//heterodyne-wp.png>]
<pictures//beatnoise.png, id=1057, 501.37312pt x 107.65219pt>
File: pictures//beatnoise.png Graphic file (type png)
<use pictures//beatnoise.png>
Package pdftex.def Info: pictures//beatnoise.png  used on input line 1572.
(pdftex.def)             Requested size: 386.95894pt x 83.08954pt.
<pictures//wavemixer.png, id=1061, 429.10312pt x 407.27156pt>
File: pictures//wavemixer.png Graphic file (type png)
<use pictures//wavemixer.png>
Package pdftex.def Info: pictures//wavemixer.png  used on input line 1593.
(pdftex.def)             Requested size: 241.84842pt x 229.54333pt.
 [52 <./pictures//beatnoise.png>]
<pictures//power2noise.png, id=1079, 780.516pt x 412.6617pt>
File: pictures//power2noise.png Graphic file (type png)
<use pictures//power2noise.png>
Package pdftex.def Info: pictures//power2noise.png  used on input line 1610.
(pdftex.def)             Requested size: 386.95894pt x 204.58614pt.


LaTeX Warning: `!h' float specifier changed to `!ht'.

[53 <./pictures//wavemixer.png>]
<pictures//power2tension.png, id=1093, 661.9932pt x 403.2666pt>
File: pictures//power2tension.png Graphic file (type png)
<use pictures//power2tension.png>
Package pdftex.def Info: pictures//power2tension.png  used on input line 1624.
(pdftex.def)             Requested size: 386.95894pt x 235.72849pt.
 [54 <./pictures//power2noise.png> <./pictures//power2tension.png>]
<pictures//sb-def.png, id=1107, 190.1842pt x 113.02376pt>
File: pictures//sb-def.png Graphic file (type png)
<use pictures//sb-def.png>
Package pdftex.def Info: pictures//sb-def.png  used on input line 1641.
(pdftex.def)             Requested size: 290.22105pt x 172.49806pt.
 [55 <./pictures//sb-def.png>]
<pictures//sb-fsr.png, id=1125, 295.8421pt x 269.63895pt>
File: pictures//sb-fsr.png Graphic file (type png)
<use pictures//sb-fsr.png>
Package pdftex.def Info: pictures//sb-fsr.png  used on input line 1687.
(pdftex.def)             Requested size: 386.95894pt x 352.7194pt.


LaTeX Warning: `!h' float specifier changed to `!ht'.

[56]
<pictures//sb-off.png, id=1138, 295.8421pt x 298.3779pt>
File: pictures//sb-off.png Graphic file (type png)
<use pictures//sb-off.png>
Package pdftex.def Info: pictures//sb-off.png  used on input line 1696.
(pdftex.def)             Requested size: 386.95894pt x 390.31335pt.


LaTeX Warning: `!h' float specifier changed to `!ht'.

[57 <./pictures//sb-fsr.png>] [58 <./pictures//sb-off.png>]
<pictures//sb-r-fit.png, id=1161, 1235.817pt x 669.9429pt>
File: pictures//sb-r-fit.png Graphic file (type png)
<use pictures//sb-r-fit.png>
Package pdftex.def Info: pictures//sb-r-fit.png  used on input line 1730.
(pdftex.def)             Requested size: 604.62105pt x 327.76376pt.

Overfull \hbox (120.92421pt too wide) in paragraph at lines 1730--1731
[][] 
 []

[59 <./pictures//sb-r-fit.png>]
<pictures//sb-power-visibility.png, id=1175, 688.0104pt x 375.0813pt>
File: pictures//sb-power-visibility.png Graphic file (type png)
<use pictures//sb-power-visibility.png>
Package pdftex.def Info: pictures//sb-power-visibility.png  used on input line 
1767.
(pdftex.def)             Requested size: 386.95894pt x 210.95981pt.
 [60 <./pictures//sb-power-visibility.png>]
[61]
Chapter 4.
[62

] [63] [64] [65] [66]

Package hyperref Warning: Token not allowed in a PDF string (Unicode):
(hyperref)                removing `math shift' on input line 2029.


Package hyperref Warning: Token not allowed in a PDF string (Unicode):
(hyperref)                removing `superscript' on input line 2029.


Package hyperref Warning: Token not allowed in a PDF string (Unicode):
(hyperref)                removing `math shift' on input line 2029.

<pictures//st-f-rough.png, id=1305, 463.2507pt x 297.7524pt>
File: pictures//st-f-rough.png Graphic file (type png)
<use pictures//st-f-rough.png>
Package pdftex.def Info: pictures//st-f-rough.png  used on input line 2039.
(pdftex.def)             Requested size: 255.39105pt x 164.15504pt.

Overfull \hbox (23.21864pt too wide) in paragraph at lines 2039--2040
 [][] 
 []

<pictures//st-fft-rough.png, id=1306, 500.8311pt x 300.6432pt>
File: pictures//st-fft-rough.png Graphic file (type png)
<use pictures//st-fft-rough.png>
Package pdftex.def Info: pictures//st-fft-rough.png  used on input line 2046.
(pdftex.def)             Requested size: 255.39105pt x 153.30765pt.

Overfull \hbox (23.21864pt too wide) in paragraph at lines 2046--2047
 [][] 
 []

[67 <./pictures//st-f-rough.png> <./pictures//st-fft-rough.png>]
<pictures//st-f-bpf.png, id=1326, 570.2103pt x 333.8874pt>
File: pictures//st-f-bpf.png Graphic file (type png)
<use pictures//st-f-bpf.png>
Package pdftex.def Info: pictures//st-f-bpf.png  used on input line 2059.
(pdftex.def)             Requested size: 255.39105pt x 149.54486pt.

Overfull \hbox (23.21864pt too wide) in paragraph at lines 2059--2060
 [][] 
 []

<pictures//st-fft-bpf.png, id=1329, 506.6127pt x 315.8199pt>
File: pictures//st-fft-bpf.png Graphic file (type png)
<use pictures//st-fft-bpf.png>
Package pdftex.def Info: pictures//st-fft-bpf.png  used on input line 2066.
(pdftex.def)             Requested size: 255.39105pt x 159.20587pt.

Overfull \hbox (23.21864pt too wide) in paragraph at lines 2066--2067
 [][] 
 []

<pictures//st-g12.png, id=1334, 1003.1076pt x 712.5822pt>
File: pictures//st-g12.png Graphic file (type png)
<use pictures//st-g12.png>
Package pdftex.def Info: pictures//st-g12.png  used on input line 2077.
(pdftex.def)             Requested size: 435.32419pt x 309.24225pt.
[68 <./pictures//st-f-bpf.png> <./pictures//st-fft-bpf.png> <./pictures//st-g12
.png>]
<pictures//to-st.png, id=1347, 434.37282pt x 402.75468pt>
File: pictures//to-st.png Graphic file (type png)
<use pictures//to-st.png>
Package pdftex.def Info: pictures//to-st.png  used on input line 2087.
(pdftex.def)             Requested size: 241.84842pt x 224.25052pt.
<pictures//st-stat.png, id=1350, 500.1084pt x 295.5843pt>
File: pictures//st-stat.png Graphic file (type png)
<use pictures//st-stat.png>
Package pdftex.def Info: pictures//st-stat.png  used on input line 2095.
(pdftex.def)             Requested size: 338.5863pt x 200.11967pt.
 [69 <./pictures//to-st.png> <./pictures//st-stat.png>]

Package hyperref Warning: Token not allowed in a PDF string (Unicode):
(hyperref)                removing `math shift' on input line 2102.


Package hyperref Warning: Token not allowed in a PDF string (Unicode):
(hyperref)                removing `superscript' on input line 2102.


Package hyperref Warning: Token not allowed in a PDF string (Unicode):
(hyperref)                removing `math shift' on input line 2102.

<pictures//sp-f-rough.png, id=1361, 572.3784pt x 348.3414pt>
File: pictures//sp-f-rough.png Graphic file (type png)
<use pictures//sp-f-rough.png>
Package pdftex.def Info: pictures//sp-f-rough.png  used on input line 2110.
(pdftex.def)             Requested size: 255.39105pt x 155.42336pt.

Overfull \hbox (23.21864pt too wide) in paragraph at lines 2110--2111
 [][] 
 []

<pictures//sp-fft-rough.png, id=1362, 543.4704pt x 323.7696pt>
File: pictures//sp-fft-rough.png Graphic file (type png)
<use pictures//sp-fft-rough.png>
Package pdftex.def Info: pictures//sp-fft-rough.png  used on input line 2117.
(pdftex.def)             Requested size: 255.39105pt x 152.14703pt.

Overfull \hbox (23.21864pt too wide) in paragraph at lines 2117--2118
 [][] 
 []

<pictures//sp-f-bpf.png, id=1367, 535.5207pt x 313.6518pt>
File: pictures//sp-f-bpf.png Graphic file (type png)
<use pictures//sp-f-bpf.png>
Package pdftex.def Info: pictures//sp-f-bpf.png  used on input line 2130.
(pdftex.def)             Requested size: 255.39105pt x 149.57959pt.

Overfull \hbox (23.21864pt too wide) in paragraph at lines 2130--2131
 [][] 
 []

<pictures//sp-fft-bpf.png, id=1370, 642.4803pt x 336.7782pt>
File: pictures//sp-fft-bpf.png Graphic file (type png)
<use pictures//sp-fft-bpf.png>
Package pdftex.def Info: pictures//sp-fft-bpf.png  used on input line 2137.
(pdftex.def)             Requested size: 255.39105pt x 133.87126pt.

Overfull \hbox (23.21864pt too wide) in paragraph at lines 2137--2138
 [][] 
 []

[70 <./pictures//sp-f-rough.png> <./pictures//sp-fft-rough.png> <./pictures//sp
-f-bpf.png> <./pictures//sp-fft-bpf.png>]
<pictures//spec3-42.png, id=1387, 542.7477pt x 291.2481pt>
File: pictures//spec3-42.png Graphic file (type png)
<use pictures//spec3-42.png>
Package pdftex.def Info: pictures//spec3-42.png  used on input line 2150.
(pdftex.def)             Requested size: 255.39105pt x 137.0466pt.

Overfull \hbox (23.21864pt too wide) in paragraph at lines 2150--2151
 [][] 
 []

<pictures//spec3-43.png, id=1388, 533.3526pt x 299.9205pt>
File: pictures//spec3-43.png Graphic file (type png)
<use pictures//spec3-43.png>
Package pdftex.def Info: pictures//spec3-43.png  used on input line 2155.
(pdftex.def)             Requested size: 255.39105pt x 143.61238pt.

Overfull \hbox (23.21864pt too wide) in paragraph at lines 2155--2156
 [][] 
 []

<pictures//spec3-44.png, id=1389, 546.3612pt x 310.0383pt>
File: pictures//spec3-44.png Graphic file (type png)
<use pictures//spec3-44.png>
Package pdftex.def Info: pictures//spec3-44.png  used on input line 2163.
(pdftex.def)             Requested size: 255.39105pt x 144.92323pt.

Overfull \hbox (23.21864pt too wide) in paragraph at lines 2163--2164
 [][] 
 []

<pictures//spec3-45.png, id=1390, 537.6888pt x 283.2984pt>
File: pictures//spec3-45.png Graphic file (type png)
<use pictures//spec3-45.png>
Package pdftex.def Info: pictures//spec3-45.png  used on input line 2168.
(pdftex.def)             Requested size: 255.39105pt x 134.56381pt.

Overfull \hbox (23.21864pt too wide) in paragraph at lines 2168--2169
 [][] 
 []

<pictures//sp-g12-1.png, id=1393, 584.6643pt x 337.5009pt>
File: pictures//sp-g12-1.png Graphic file (type png)
<use pictures//sp-g12-1.png>
Package pdftex.def Info: pictures//sp-g12-1.png  used on input line 2180.
(pdftex.def)             Requested size: 255.39105pt x 147.42453pt.

Overfull \hbox (23.21864pt too wide) in paragraph at lines 2180--2181
 [][] 
 []

<pictures//sp-g12-3.png, id=1394, 629.4717pt x 381.5856pt>
File: pictures//sp-g12-3.png Graphic file (type png)
<use pictures//sp-g12-3.png>
Package pdftex.def Info: pictures//sp-g12-3.png  used on input line 2185.
(pdftex.def)             Requested size: 255.39105pt x 154.81497pt.

Overfull \hbox (23.21864pt too wide) in paragraph at lines 2185--2186
 [][] 
 []

<pictures//sp-g12-4.png, id=1395, 633.0852pt x 364.9635pt>
File: pictures//sp-g12-4.png Graphic file (type png)
<use pictures//sp-g12-4.png>
Package pdftex.def Info: pictures//sp-g12-4.png  used on input line 2193.
(pdftex.def)             Requested size: 255.39105pt x 147.22467pt.

Overfull \hbox (23.21864pt too wide) in paragraph at lines 2193--2194
 [][] 
 []

<pictures//sp-g12-2.png, id=1396, 563.706pt x 306.4248pt>
File: pictures//sp-g12-2.png Graphic file (type png)
<use pictures//sp-g12-2.png>
Package pdftex.def Info: pictures//sp-g12-2.png  used on input line 2198.
(pdftex.def)             Requested size: 255.39105pt x 138.82501pt.

Overfull \hbox (23.21864pt too wide) in paragraph at lines 2198--2199
 [][] 
 []


LaTeX Warning: `!h' float specifier changed to `!ht'.

[71 <./pictures//spec3-42.png> <./pictures//spec3-43.png> <./pictures//spec3-44
.png> <./pictures//spec3-45.png> <./pictures//sp-g12-1.png> <./pictures//sp-g12
-3.png>]
<pictures//medley.png, id=1415, 2465.8524pt x 2461.5162pt>
File: pictures//medley.png Graphic file (type png)
<use pictures//medley.png>
Package pdftex.def Info: pictures//medley.png  used on input line 2208.
(pdftex.def)             Requested size: 435.32419pt x 434.52776pt.
 [72 <./pictures//sp-g12-4.png> <./pictures//sp-g12-2.png> <./pictures//medley.
png>]
<pictures//sp-stat.png, id=1426, 658.3797pt x 377.2494pt>
File: pictures//sp-stat.png Graphic file (type png)
<use pictures//sp-stat.png>
Package pdftex.def Info: pictures//sp-stat.png  used on input line 2217.
(pdftex.def)             Requested size: 435.32419pt x 249.44012pt.
 [73 <./pictures//sp-stat.png>] [74]
Chapter 5.
[75

] [76]
Appendix A.
[77

] [78]

Package hyperref Warning: Token not allowed in a PDF string (Unicode):
(hyperref)                removing `math shift' on input line 2407.


Package hyperref Warning: Token not allowed in a PDF string (Unicode):
(hyperref)                removing `superscript' on input line 2407.


Package hyperref Warning: Token not allowed in a PDF string (Unicode):
(hyperref)                removing `math shift' on input line 2407.

<pictures//notch-tension.png, id=1514, 224.41737pt x 246.5479pt>
File: pictures//notch-tension.png Graphic file (type png)
<use pictures//notch-tension.png>
Package pdftex.def Info: pictures//notch-tension.png  used on input line 2433.
(pdftex.def)             Requested size: 145.11052pt x 159.42657pt.
[79] [80 <./pictures//notch-tension.png>] [81]
Appendix B.

Package hyperref Warning: Token not allowed in a PDF string (Unicode):
(hyperref)                removing `math shift' on input line 2469.


Package hyperref Warning: Token not allowed in a PDF string (Unicode):
(hyperref)                removing `superscript' on input line 2469.


Package hyperref Warning: Token not allowed in a PDF string (Unicode):
(hyperref)                removing `math shift' on input line 2469.

[82

]

Package hyperref Warning: Token not allowed in a PDF string (Unicode):
(hyperref)                removing `math shift' on input line 2525.


Package hyperref Warning: Token not allowed in a PDF string (Unicode):
(hyperref)                removing `superscript' on input line 2525.


Package hyperref Warning: Token not allowed in a PDF string (Unicode):
(hyperref)                removing `math shift' on input line 2525.

[83]
<pictures//coh_gen.png, id=1582, 915.6609pt x 298.4751pt>
File: pictures//coh_gen.png Graphic file (type png)
<use pictures//coh_gen.png>
Package pdftex.def Info: pictures//coh_gen.png  used on input line 2537.
(pdftex.def)             Requested size: 435.32419pt x 141.9001pt.
<pictures//chaos_gen.png, id=1583, 882.4167pt x 294.8616pt>
File: pictures//chaos_gen.png Graphic file (type png)
<use pictures//chaos_gen.png>
Package pdftex.def Info: pictures//chaos_gen.png  used on input line 2543.
(pdftex.def)             Requested size: 435.32419pt x 145.46426pt.
 [84 <./pictures//coh_gen.png> <./pictures//chaos_gen.png>]
<pictures//test_stat_2.png, id=1594, 705.3552pt x 388.0899pt>
File: pictures//test_stat_2.png Graphic file (type png)
<use pictures//test_stat_2.png>
Package pdftex.def Info: pictures//test_stat_2.png  used on input line 2556.
(pdftex.def)             Requested size: 255.39105pt x 140.51761pt.

Overfull \hbox (23.21864pt too wide) in paragraph at lines 2556--2557
 [][] 
 []

<pictures//test_stat_10.png, id=1595, 703.1871pt x 369.2997pt>
File: pictures//test_stat_10.png Graphic file (type png)
<use pictures//test_stat_10.png>
Package pdftex.def Info: pictures//test_stat_10.png  used on input line 2561.
(pdftex.def)             Requested size: 255.39105pt x 134.1255pt.

Overfull \hbox (23.21864pt too wide) in paragraph at lines 2561--2562
 [][] 
 []

<pictures//test_g12.png, id=1596, 915.6609pt x 426.393pt>
File: pictures//test_g12.png Graphic file (type png)
<use pictures//test_g12.png>
Package pdftex.def Info: pictures//test_g12.png  used on input line 2570.
(pdftex.def)             Requested size: 435.32419pt x 202.71445pt.
[85 <./pictures//test_stat_2.png> <./pictures//test_stat_10.png> <./pictures//t
est_g12.png>]
<pictures//dwsmpl-freq.png, id=1614, 396.0pt x 106.92pt>
File: pictures//dwsmpl-freq.png Graphic file (type png)
<use pictures//dwsmpl-freq.png>
Package pdftex.def Info: pictures//dwsmpl-freq.png  used on input line 2597.
(pdftex.def)             Requested size: 435.32419pt x 117.54546pt.


LaTeX Warning: `!h' float specifier changed to `!ht'.

[86]
<pictures//dwsmpl-filter.png, id=1627, 373.00645pt x 138.47864pt>
File: pictures//dwsmpl-filter.png Graphic file (type png)
<use pictures//dwsmpl-filter.png>
Package pdftex.def Info: pictures//dwsmpl-filter.png  used on input line 2635.
(pdftex.def)             Requested size: 435.32419pt x 161.61575pt.


LaTeX Warning: `!h' float specifier changed to `!ht'.

[87 <./pictures//dwsmpl-freq.png>] [88 <./pictures//dwsmpl-filter.png>]
Appendix C.
<pictures//lab1.jpg, id=1664, 3276.24pt x 2457.18pt>
File: pictures//lab1.jpg Graphic file (type jpg)
<use pictures//lab1.jpg>
Package pdftex.def Info: pictures//lab1.jpg  used on input line 2657.
(pdftex.def)             Requested size: 386.95894pt x 290.19968pt.
[89

 <./pictures//lab1.jpg>] [90

] (./book.aux)
Package rerunfilecheck Info: File `book.out' has not changed.
(rerunfilecheck)             Checksum: 5B0C1579E81D13EBB6DE0120ED1B0771;7130.
Package logreq Info: Writing requests to 'book.run.xml'.
\openout1 = `book.run.xml'.

 ) 
Here is how much of TeX's memory you used:
 23270 strings out of 478287
 414846 string characters out of 5849289
 1105520 words of memory out of 5000000
 40506 multiletter control sequences out of 15000+600000
 490316 words of font info for 121 fonts, out of 8000000 for 9000
 1141 hyphenation exceptions out of 8191
 67i,27n,77p,1697b,1491s stack positions out of 5000i,500n,10000p,200000b,80000s
pdfTeX warning (dest): name{Hfootnote.64} has been referenced but does not ex
ist, replaced by a fixed one

{/usr/share/texmf/fonts/enc/dvips/cm-super/cm-super-ts1.enc}</usr/share/texlive
/texmf-dist/fonts/type1/public/bbold-type1/bbold10.pfb></usr/share/texlive/texm
f-dist/fonts/type1/public/amsfonts/cm/cmbx10.pfb></usr/share/texlive/texmf-dist
/fonts/type1/public/amsfonts/cm/cmbx12.pfb></usr/share/texlive/texmf-dist/fonts
/type1/public/amsfonts/cm/cmbxti10.pfb></usr/share/texlive/texmf-dist/fonts/typ
e1/public/amsfonts/cm/cmex10.pfb></usr/share/texlive/texmf-dist/fonts/type1/pub
lic/amsfonts/cm/cmmi10.pfb></usr/share/texlive/texmf-dist/fonts/type1/public/am
sfonts/cm/cmmi12.pfb></usr/share/texlive/texmf-dist/fonts/type1/public/amsfonts
/cm/cmmi6.pfb></usr/share/texlive/texmf-dist/fonts/type1/public/amsfonts/cm/cmm
i7.pfb></usr/share/texlive/texmf-dist/fonts/type1/public/amsfonts/cm/cmmi8.pfb>
</usr/share/texlive/texmf-dist/fonts/type1/public/amsfonts/cm/cmmi9.pfb></usr/s
hare/texlive/texmf-dist/fonts/type1/public/amsfonts/cm/cmr10.pfb></usr/share/te
xlive/texmf-dist/fonts/type1/public/amsfonts/cm/cmr12.pfb></usr/share/texlive/t
exmf-dist/fonts/type1/public/amsfonts/cm/cmr17.pfb></usr/share/texlive/texmf-di
st/fonts/type1/public/amsfonts/cm/cmr5.pfb></usr/share/texlive/texmf-dist/fonts
/type1/public/amsfonts/cm/cmr6.pfb></usr/share/texlive/texmf-dist/fonts/type1/p
ublic/amsfonts/cm/cmr8.pfb></usr/share/texlive/texmf-dist/fonts/type1/public/am
sfonts/cm/cmr9.pfb></usr/share/texlive/texmf-dist/fonts/type1/public/amsfonts/c
m/cmsy10.pfb></usr/share/texlive/texmf-dist/fonts/type1/public/amsfonts/cm/cmsy
6.pfb></usr/share/texlive/texmf-dist/fonts/type1/public/amsfonts/cm/cmsy7.pfb><
/usr/share/texlive/texmf-dist/fonts/type1/public/amsfonts/cm/cmsy8.pfb></usr/sh
are/texlive/texmf-dist/fonts/type1/public/amsfonts/cm/cmsy9.pfb></usr/share/tex
live/texmf-dist/fonts/type1/public/amsfonts/cm/cmti10.pfb></usr/share/texlive/t
exmf-dist/fonts/type1/public/amsfonts/cm/cmti9.pfb></usr/share/texlive/texmf-di
st/fonts/type1/public/amsfonts/symbols/msam10.pfb></usr/share/texlive/texmf-dis
t/fonts/type1/public/amsfonts/symbols/msbm10.pfb></usr/share/texlive/texmf-dist
/fonts/type1/public/amsfonts/symbols/msbm7.pfb></usr/share/texlive/texmf-dist/f
onts/type1/public/rsfs/rsfs10.pfb></usr/share/texmf/fonts/type1/public/cm-super
/sfrm1000.pfb></usr/share/texmf/fonts/type1/public/cm-super/sfrm1095.pfb></usr/
share/texlive/texmf-dist/fonts/type1/public/stmaryrd/stmary10.pfb></usr/share/t
exlive/texmf-dist/fonts/type1/public/esvect/vect10.pfb></usr/share/texlive/texm
f-dist/fonts/type1/public/esvect/vect8.pfb></usr/share/texlive/texmf-dist/fonts
/type1/public/esvect/vect9.pfb>
Output written on book.pdf (94 pages, 8002229 bytes).
PDF statistics:
 1965 PDF objects out of 2073 (max. 8388607)
 1596 compressed objects within 16 object streams
 630 named destinations out of 1000 (max. 500000)
 752 words of extra memory for PDF output out of 10000 (max. 10000000)

